SF:lib/core/config/application_config.dart
DA:4,0
DA:5,0
DA:8,0
DA:9,0
LF:4
LH:0
end_of_record
SF:lib/core/config/env.dart
DA:4,16
DA:5,0
DA:6,0
DA:7,4
DA:8,16
DA:9,0
LF:6
LH:3
end_of_record
SF:lib/infra/cache/sqlite_database_adapter.dart
DA:12,1
DA:13,1
DA:14,3
DA:15,0
DA:20,1
DA:22,2
DA:24,1
DA:25,3
DA:29,2
DA:33,1
DA:35,2
DA:37,1
DA:38,2
DA:42,2
DA:46,1
DA:48,2
DA:50,1
DA:51,2
DA:55,2
LF:19
LH:18
end_of_record
SF:lib/core/extensions/string_extension.dart
DA:2,2
DA:3,2
LF:2
LH:2
end_of_record
SF:lib/data/models/local_article_model.dart
DA:15,3
DA:27,2
DA:28,2
DA:29,2
DA:30,2
DA:31,2
DA:32,2
DA:33,2
DA:34,2
DA:35,2
DA:36,2
DA:40,2
DA:42,2
DA:43,2
DA:44,2
DA:45,2
DA:46,2
DA:47,2
DA:48,2
DA:49,2
DA:50,2
DA:51,2
DA:58,2
DA:59,18
DA:62,2
DA:63,2
DA:64,2
DA:65,2
DA:66,2
DA:67,2
DA:68,2
DA:69,2
DA:70,2
DA:71,2
DA:72,2
LF:35
LH:35
end_of_record
SF:lib/data/models/remote_article_model.dart
DA:16,2
DA:27,2
DA:29,2
DA:30,2
DA:31,2
DA:32,2
DA:33,2
DA:34,4
DA:35,2
DA:36,2
DA:37,2
DA:44,2
DA:45,2
DA:46,2
DA:47,4
DA:48,4
DA:49,4
DA:50,2
DA:51,2
DA:52,2
DA:53,2
LF:21
LH:21
end_of_record
SF:lib/domain/entities/article_entity.dart
DA:13,7
DA:24,1
DA:26,1
DA:27,1
DA:28,1
DA:29,1
DA:30,1
DA:31,1
DA:32,1
DA:33,1
DA:34,1
LF:11
LH:11
end_of_record
SF:lib/domain/entities/favorite_article_entity.dart
DA:6,4
LF:1
LH:1
end_of_record
SF:lib/infra/http/dio_adapter.dart
DA:11,1
DA:13,1
DA:14,1
DA:18,1
DA:19,2
DA:21,2
DA:27,1
DA:30,1
DA:31,2
DA:32,5
DA:33,2
DA:35,2
DA:37,2
DA:39,2
DA:41,2
LF:15
LH:15
end_of_record
SF:lib/infra/http/interceptors/logger_interceptor.dart
DA:45,0
DA:56,0
DA:58,0
DA:59,0
DA:61,0
DA:62,0
DA:63,0
DA:64,0
DA:65,0
DA:66,0
DA:67,0
DA:68,0
DA:69,0
DA:70,0
DA:71,0
DA:73,0
DA:74,0
DA:76,0
DA:77,0
DA:78,0
DA:79,0
DA:80,0
DA:81,0
DA:83,0
DA:87,0
DA:90,0
DA:92,0
DA:93,0
DA:94,0
DA:95,0
DA:96,0
DA:97,0
DA:98,0
DA:100,0
DA:101,0
DA:103,0
DA:106,0
DA:109,0
DA:111,0
DA:112,0
DA:113,0
DA:114,0
DA:115,0
DA:118,0
DA:119,0
DA:120,0
DA:121,0
DA:122,0
DA:123,0
DA:125,0
DA:128,0
DA:129,0
DA:130,0
DA:131,0
DA:132,0
DA:135,0
DA:136,0
DA:137,0
DA:138,0
DA:139,0
DA:140,0
DA:141,0
DA:142,0
DA:143,0
DA:144,0
DA:145,0
DA:146,0
DA:148,0
DA:153,0
DA:154,0
DA:155,0
DA:156,0
DA:159,0
DA:160,0
DA:161,0
DA:162,0
DA:165,0
DA:167,0
DA:168,0
DA:169,0
DA:171,0
DA:172,0
DA:173,0
DA:175,0
DA:179,0
DA:180,0
DA:181,0
DA:182,0
DA:186,0
DA:188,0
DA:195,0
DA:196,0
DA:197,0
DA:199,0
DA:201,0
DA:202,0
DA:203,0
DA:204,0
DA:205,0
DA:207,0
DA:208,0
DA:209,0
DA:211,0
DA:212,0
DA:214,0
DA:215,0
DA:216,0
DA:218,0
DA:219,0
DA:220,0
DA:223,0
DA:224,0
DA:225,0
DA:226,0
DA:227,0
DA:228,0
DA:229,0
DA:232,0
DA:237,0
DA:240,0
DA:241,0
DA:242,0
DA:243,0
DA:244,0
DA:245,0
DA:247,0
DA:250,0
DA:255,0
DA:256,0
DA:257,0
DA:258,0
DA:259,0
DA:262,0
DA:263,0
DA:267,0
DA:268,0
DA:271,0
DA:272,0
DA:275,0
DA:276,0
DA:277,0
DA:278,0
DA:279,0
LF:143
LH:0
end_of_record
SF:lib/presentation/cubit_search_presenter.dart
DA:18,1
DA:23,2
DA:24,1
DA:25,1
DA:34,1
DA:35,2
DA:37,0
DA:41,1
DA:42,2
DA:43,2
DA:44,7
DA:45,4
DA:49,1
DA:50,2
DA:51,7
DA:52,4
DA:56,1
DA:57,1
DA:58,1
DA:59,1
DA:60,1
DA:61,1
DA:62,1
DA:63,1
DA:64,1
DA:65,1
DA:69,1
DA:70,1
DA:72,1
DA:73,1
DA:74,1
DA:75,1
DA:76,1
DA:77,1
DA:78,1
DA:79,1
DA:83,1
DA:84,2
DA:85,0
DA:86,0
DA:87,0
DA:88,0
DA:89,0
DA:95,1
DA:96,4
DA:97,5
DA:98,3
DA:102,1
DA:103,2
DA:106,1
DA:107,2
DA:110,1
DA:111,2
DA:114,1
DA:115,4
DA:116,4
DA:117,9
DA:120,1
DA:121,4
DA:122,2
DA:123,4
DA:130,1
DA:132,1
DA:135,1
DA:136,1
DA:138,1
DA:141,1
DA:142,3
DA:143,1
DA:144,1
DA:145,1
DA:147,1
DA:151,1
DA:152,1
DA:154,1
DA:157,1
DA:158,2
DA:159,1
DA:160,1
DA:162,1
DA:166,1
DA:169,2
DA:170,1
DA:171,1
DA:172,1
DA:174,1
DA:178,1
DA:181,3
DA:182,1
DA:183,1
DA:184,1
DA:185,1
DA:187,1
DA:193,1
DA:194,1
DA:196,1
DA:198,2
DA:199,1
DA:200,2
DA:203,1
DA:205,1
DA:206,1
DA:207,2
DA:208,2
DA:209,2
LF:105
LH:99
end_of_record
SF:lib/presentation/states.dart
DA:15,2
LF:1
LH:1
end_of_record
SF:lib/data/usecases/local_get_favorite_articles.dart
DA:13,1
DA:17,1
DA:20,3
DA:21,0
DA:22,1
DA:23,5
LF:6
LH:5
end_of_record
SF:lib/data/usecases/local_remove_article_from_favorites.dart
DA:9,1
DA:11,1
DA:14,2
DA:15,2
LF:4
LH:4
end_of_record
SF:lib/data/usecases/local_save_article_as_favorite.dart
DA:12,1
DA:14,1
DA:17,2
DA:18,1
DA:19,2
LF:5
LH:5
end_of_record
SF:lib/data/usecases/remote_find_article_by_keyword.dart
DA:12,1
DA:17,1
DA:20,3
DA:21,4
DA:22,1
DA:23,4
DA:24,5
DA:25,1
DA:26,1
LF:9
LH:9
end_of_record
SF:lib/core/helpers/date_formatter.dart
DA:4,1
DA:5,1
DA:6,2
LF:3
LH:3
end_of_record
SF:lib/core/helpers/debouncer.dart
DA:9,1
DA:11,1
DA:12,1
DA:13,4
DA:16,1
DA:17,2
LF:6
LH:6
end_of_record
SF:lib/core/helpers/snack_bar_helper.dart
DA:4,1
DA:5,2
DA:6,2
LF:3
LH:3
end_of_record
SF:lib/ui/detail_page.dart
DA:9,0
DA:14,0
DA:16,0
DA:17,0
DA:18,0
DA:20,0
DA:21,0
DA:23,0
DA:24,0
DA:26,0
DA:28,0
DA:30,0
DA:32,0
DA:34,0
LF:14
LH:0
end_of_record
SF:lib/ui/components/app_bar.dart
DA:4,2
DA:6,1
DA:7,1
DA:9,1
DA:18,1
DA:19,2
DA:20,2
DA:21,3
DA:24,1
DA:25,2
DA:28,1
DA:29,2
DA:30,5
DA:33,1
DA:35,1
DA:36,1
DA:39,1
DA:41,1
DA:42,1
DA:45,1
DA:47,1
DA:48,1
DA:50,1
DA:51,1
DA:52,2
DA:54,1
DA:55,1
DA:56,1
DA:61,1
DA:62,1
LF:30
LH:30
end_of_record
SF:lib/ui/components/dots.dart
DA:7,0
DA:12,0
DA:13,0
DA:14,0
DA:15,0
DA:16,0
DA:18,0
DA:25,0
DA:27,0
DA:29,0
DA:37,0
DA:41,0
DA:43,0
DA:46,0
DA:47,0
DA:49,0
DA:50,0
LF:17
LH:0
end_of_record
SF:lib/ui/components/favorite_content.dart
DA:6,2
DA:8,1
DA:10,1
DA:11,1
DA:13,1
DA:14,2
DA:15,1
DA:16,1
DA:20,1
DA:21,3
DA:22,1
DA:23,2
DA:24,1
DA:26,1
DA:27,1
DA:28,1
LF:16
LH:16
end_of_record
SF:lib/ui/components/page_view.dart
DA:6,1
DA:8,1
DA:9,1
DA:16,1
DA:17,1
DA:18,3
DA:21,1
DA:22,2
DA:25,0
DA:26,0
DA:27,0
DA:31,1
DA:33,1
DA:34,1
DA:37,1
DA:39,1
DA:40,1
DA:43,1
DA:45,1
DA:46,3
DA:47,1
DA:48,1
DA:49,1
DA:52,1
DA:54,1
DA:56,1
DA:57,3
DA:58,1
DA:60,1
DA:61,1
DA:62,1
DA:64,1
DA:67,1
DA:72,1
DA:73,0
DA:75,0
LF:36
LH:31
end_of_record
SF:lib/ui/components/news_item.dart
DA:3,3
DA:10,1
DA:16,0
DA:17,0
DA:19,0
DA:20,0
DA:25,1
DA:27,1
DA:28,3
DA:29,1
DA:30,1
DA:31,4
DA:34,1
DA:36,1
DA:38,1
DA:39,1
DA:40,1
DA:41,1
DA:45,1
DA:46,1
DA:47,2
DA:54,1
DA:56,3
DA:58,1
DA:59,1
DA:60,5
DA:62,1
DA:63,1
DA:64,1
DA:65,1
DA:75,1
DA:76,1
DA:77,1
DA:78,1
DA:79,1
DA:82,6
DA:85,1
DA:86,0
LF:38
LH:33
end_of_record
SF:lib/ui/components/bottom_navigation_bar.dart
DA:4,2
DA:6,1
DA:7,1
DA:11,1
DA:13,1
DA:14,1
DA:16,1
DA:17,1
DA:18,1
DA:19,1
DA:20,1
DA:22,1
DA:23,3
LF:13
LH:13
end_of_record
SF:lib/ui/components/search_content.dart
DA:6,2
DA:8,1
DA:10,1
DA:11,1
DA:13,1
DA:14,2
DA:15,1
DA:16,1
DA:19,2
DA:20,1
DA:21,3
DA:22,1
DA:23,2
DA:24,1
DA:26,1
DA:27,1
DA:28,1
LF:17
LH:17
end_of_record
SF:lib/ui/search_page.dart
DA:22,1
DA:27,1
DA:28,1
DA:35,1
DA:36,3
DA:37,2
DA:43,1
DA:44,2
DA:47,1
DA:49,1
DA:50,1
DA:53,1
DA:55,1
DA:56,1
DA:59,1
DA:61,1
DA:62,2
DA:63,1
DA:65,1
DA:67,1
DA:68,1
DA:69,1
DA:70,3
DA:72,1
DA:73,1
DA:76,4
LF:26
LH:26
end_of_record
SF:lib/ui/components/source_title.dart
DA:4,1
DA:8,1
DA:10,1
DA:12,1
DA:13,1
LF:5
LH:5
end_of_record
